<?xml version="1.0" encoding="UTF-8"?>
<!-- Generated by org.testng.reporters.JUnitXMLReporter -->
<testsuite hostname="HP-Pavilion" ignored="0" name="Test" tests="10" failures="0" timestamp="06 Jul 2017 10:32:16 GMT" time="0.23" errors="0">
  <testcase name="firstTest" time="0.017" classname="com.pack.tests.TestOne"/>
  <testcase name="secondTest" time="0.003" classname="com.pack.tests.TestOne"/>
  <testcase name="thirdTest" time="0.002" classname="com.pack.tests.TestOne"/>
  <testcase name="fourthTest" time="0.002" classname="com.pack.tests.TestTwo"/>
  <testcase name="fifthTest" time="0.002" classname="com.pack.tests.TestTwo"/>
  <testcase name="sixthTest" time="0.002" classname="com.pack.tests.TestTwo"/>
  <testcase name="seventhTest" time="0.002" classname="com.pack.tests.TestThree"/>
  <testcase name="eightTest" time="0.002" classname="com.pack.tests.TestThree"/>
  <testcase name="ninethTest" time="0.004" classname="com.pack.tests.TestThree"/>
  <testcase name="tenthTest" time="0.003" classname="com.pack.tests.TestThree"/>
</testsuite> <!-- Test -->
