<?xml version="1.0" encoding="UTF-8"?>
<testng-results skipped="0" failed="0" ignored="0" total="10" passed="10">
  <reporter-output>
  </reporter-output>
  <suite name="Suite" duration-ms="230" started-at="2017-07-06T10:32:16Z" finished-at="2017-07-06T10:32:16Z">
    <groups>
    </groups>
    <test name="Test" duration-ms="230" started-at="2017-07-06T10:32:16Z" finished-at="2017-07-06T10:32:16Z">
      <class name="com.pack.tests.TestTwo">
        <test-method status="PASS" signature="fourthTest()[pri:4, instance:com.pack.tests.TestTwo@5afa04c]" name="fourthTest" duration-ms="2" started-at="2017-07-06T16:02:16Z" finished-at="2017-07-06T16:02:16Z">
          <reporter-output>
          </reporter-output>
        </test-method> <!-- fourthTest -->
        <test-method status="PASS" signature="fifthTest()[pri:5, instance:com.pack.tests.TestTwo@5afa04c]" name="fifthTest" duration-ms="2" started-at="2017-07-06T16:02:16Z" finished-at="2017-07-06T16:02:16Z">
          <reporter-output>
          </reporter-output>
        </test-method> <!-- fifthTest -->
        <test-method status="PASS" signature="sixthTest()[pri:6, instance:com.pack.tests.TestTwo@5afa04c]" name="sixthTest" duration-ms="2" started-at="2017-07-06T16:02:16Z" finished-at="2017-07-06T16:02:16Z">
          <reporter-output>
          </reporter-output>
        </test-method> <!-- sixthTest -->
      </class> <!-- com.pack.tests.TestTwo -->
      <class name="com.pack.tests.TestThree">
        <test-method status="PASS" signature="seventhTest()[pri:7, instance:com.pack.tests.TestThree@6ea12c19]" name="seventhTest" duration-ms="2" started-at="2017-07-06T16:02:16Z" finished-at="2017-07-06T16:02:16Z">
          <reporter-output>
          </reporter-output>
        </test-method> <!-- seventhTest -->
        <test-method status="PASS" signature="eightTest()[pri:8, instance:com.pack.tests.TestThree@6ea12c19]" name="eightTest" duration-ms="2" started-at="2017-07-06T16:02:16Z" finished-at="2017-07-06T16:02:16Z">
          <reporter-output>
          </reporter-output>
        </test-method> <!-- eightTest -->
        <test-method status="PASS" signature="ninethTest()[pri:9, instance:com.pack.tests.TestThree@6ea12c19]" name="ninethTest" duration-ms="4" started-at="2017-07-06T16:02:16Z" finished-at="2017-07-06T16:02:16Z">
          <reporter-output>
          </reporter-output>
        </test-method> <!-- ninethTest -->
        <test-method status="PASS" signature="tenthTest()[pri:10, instance:com.pack.tests.TestThree@6ea12c19]" name="tenthTest" duration-ms="3" started-at="2017-07-06T16:02:16Z" finished-at="2017-07-06T16:02:16Z">
          <reporter-output>
          </reporter-output>
        </test-method> <!-- tenthTest -->
      </class> <!-- com.pack.tests.TestThree -->
      <class name="com.pack.tests.TestOne">
        <test-method status="PASS" signature="firstTest()[pri:1, instance:com.pack.tests.TestOne@2669b199]" name="firstTest" duration-ms="17" started-at="2017-07-06T16:02:16Z" finished-at="2017-07-06T16:02:16Z">
          <reporter-output>
          </reporter-output>
        </test-method> <!-- firstTest -->
        <test-method status="PASS" signature="secondTest()[pri:2, instance:com.pack.tests.TestOne@2669b199]" name="secondTest" duration-ms="3" started-at="2017-07-06T16:02:16Z" finished-at="2017-07-06T16:02:16Z">
          <reporter-output>
          </reporter-output>
        </test-method> <!-- secondTest -->
        <test-method status="PASS" signature="thirdTest()[pri:3, instance:com.pack.tests.TestOne@2669b199]" name="thirdTest" duration-ms="2" started-at="2017-07-06T16:02:16Z" finished-at="2017-07-06T16:02:16Z">
          <reporter-output>
          </reporter-output>
        </test-method> <!-- thirdTest -->
      </class> <!-- com.pack.tests.TestOne -->
    </test> <!-- Test -->
  </suite> <!-- Suite -->
</testng-results>
